Start recording 172.17.61.250 B3F1 (172.17.61.250) - 14:20:04


 
**********************************************************************************
*                                                                                *
*  WARNING! This network system is the property of Ministry of Agriculture and   *
*  Cooperativesand may be accessed only by authorized users. Unauthorized use    *
*  this system is strictly prohibited and may be subject to criminal prosecution.*
*                                                                                *
*  Any activity or communication on the system and retrive any information       *
*  are stored within the system. By accessing and using this system, you are     *
*  consenting to such monitoring and information retrieval for law enforcement   *
*  and other purposes.                                                           *
*                                                                                *
**********************************************************************************
 Press Y or ENTER to continue, N to exit.
<B3FL1-Old>
<B3FL1-Old>display interface brief
The brief information of interface(s) under route mode:
Link: ADM - administratively down; Stby - standby
Protocol: (s) - spoofing
Interface            Link Protocol Main IP         Description
NULL0                UP   UP(s)    --
Vlan61               UP   UP       172.17.61.250   HELP-01
Vlan67               UP   UP       172.17.67.250   VoIP
Vlan69               UP   UP       172.17.69.250   PSND-Welfare
Vlan161              DOWN DOWN     172.17.161.250

The brief information of interface(s) under bridge mode:
Link: ADM - administratively down; Stby - standby
Speed or Duplex: (a)/A - auto; H - half; F - full
Type: A - access; T - trunk; H - hybrid
Interface            Link Speed   Duplex Type PVID Description
BAGG1                UP   20G(a)  F(a)   T    1    Link-to-CS#Trk2
BAGG2                UP   2G(a)   F(a)   T    1    LAG-to-Access-B3F1-Inspecto
BAGG3                UP   2G(a)   F(a)   T    1    LAG-to-Access-B3F1-Inspecto
GE1/0/1              UP   100M(a) F(a)   A    61
GE1/0/2              DOWN auto    A      A    61
GE1/0/3              UP   1G(a)   F(a)   A    67   VoIP Vlan 67
GE1/0/4              DOWN auto    A      A    61
GE1/0/5              DOWN auto    A      A    61
GE1/0/6              DOWN auto    A      A    61
GE1/0/7              UP   1G(a)   F(a)   A    61
GE1/0/8              DOWN auto    A      A    61
GE1/0/9              UP   1G(a)   F(a)   A    61
GE1/0/10             DOWN auto    A      A    61
GE1/0/11             DOWN auto    A      A    61
GE1/0/12             DOWN auto    A      A    61
GE1/0/13             DOWN auto    A      A    61
GE1/0/14             DOWN auto    A      A    61
GE1/0/15             UP   1G(a)   F(a)   A    61
GE1/0/16             DOWN auto    A      A    61
GE1/0/17             DOWN auto    A      A    61
GE1/0/18             DOWN auto    A      A    61
GE1/0/19             DOWN auto    A      A    61
GE1/0/20             DOWN auto    A      A    61
GE1/0/21             DOWN auto    A      A    61
GE1/0/22             DOWN auto    A      A    100
GE1/0/23             UP   1G(a)   F(a)   T    1    LAG-to-Access-B3F1-Inspecto
GE1/0/24             UP   1G(a)   F(a)   T    1    LAG-to-Access-B3F1-Inspecto
GE1/0/25             ADM  auto    A      A    1
GE1/0/26             ADM  auto    A      A    1
GE1/0/27             ADM  auto    A      A    1
GE1/0/28             ADM  auto    A      A    1
GE2/0/1              DOWN auto    A      A    61
GE2/0/2              DOWN auto    A      A    69   PSND-Welfare
GE2/0/3              DOWN auto    A      A    61
GE2/0/4              UP   1G(a)   F(a)   A    61
GE2/0/5              UP   1G(a)   F(a)   A    61
GE2/0/6              UP   1G(a)   F(a)   A    61
GE2/0/7              DOWN auto    A      A    61
GE2/0/8              UP   100M(a) F(a)   A    61
GE2/0/9              UP   1G(a)   F(a)   A    61
GE2/0/10             UP   1G(a)   F(a)   A    61
GE2/0/11             UP   1G(a)   F(a)   A    61
GE2/0/12             DOWN auto    A      A    61
GE2/0/13             DOWN auto    A      A    61
GE2/0/14             DOWN auto    A      A    61
GE2/0/15             UP   1G(a)   F(a)   A    61
GE2/0/16             UP   100M(a) F(a)   A    61
GE2/0/17             DOWN auto    A      A    61
GE2/0/18             UP   1G(a)   F(a)   A    61
GE2/0/19             DOWN auto    A      A    61
GE2/0/20             DOWN auto    A      A    61
GE2/0/21             DOWN auto    A      A    61
GE2/0/22             DOWN auto    A      A    61
GE2/0/23             UP   1G(a)   F(a)   T    1    LAG-to-Access-B3F1-Inspecto
GE2/0/24             UP   1G(a)   F(a)   T    1    LAG-to-Access-B3F1-Inspecto
GE2/0/25             ADM  auto    A      A    1
GE2/0/26             ADM  auto    A      A    1
GE2/0/27             ADM  auto    A      A    1
GE2/0/28             ADM  auto    A      A    1
XGE1/1/1             UP   10G(a)  F      T    1    Link-to-CS1#P1/A2
XGE1/1/2             DOWN auto    F      A    1
XGE1/2/1             DOWN 10G     F      A    1
XGE1/2/2             UP   --      --     --   --
XGE2/1/1             UP   10G(a)  F      T    1    Link-to-CS2#2/A2
XGE2/1/2             DOWN auto    F      A    1
XGE2/2/1             UP   --      --     --   --
XGE2/2/2             DOWN --      --     --   --   IRF-Stacking

<B3FL1-Old>
<B3FL1-Old>display interface Bridge-Aggregation
 Bridge-Aggregation1 current state: UP
 IP Packet Frame Type: PKTFMT_ETHNT_2, Hardware Address: bcea-fab3-7198
 Description: Link-to-CS#Trk2
 20Gbps-speed mode, full-duplex mode
 Link speed type is autonegotiation, link duplex type is autonegotiation
 PVID: 1
 Port link-type: trunk
  VLAN passing  : 1(default vlan), 61, 67, 69, 100
  VLAN permitted: 1(default vlan), 61, 67, 69, 100
  Trunk port encapsulation: IEEE 802.1q
Last clearing of counters:  Never
 Last 300 seconds input:  830 packets/sec 908027 bytes/sec    0%
 Last 300 seconds output:  379 packets/sec 227281 bytes/sec    0%
 Input (total):  1294256879 packets, 911340758127 bytes
         1180386658 unicasts, 75600500 broadcasts, 38269721 multicasts
 Input (normal):  1294256879 packets, - bytes
         1180386658 unicasts, 75600500 broadcasts, 38269721 multicasts
 Input:  0 input errors, 0 runts, 0 giants, 0 throttles
         0 CRC, 0 frame, - overruns, 0 aborts
         - ignored, - parity errors
 Output (total): 2792280226 packets, 1308836124120 bytes
         2754236003 unicasts, 28580188 broadcasts, 9464035 multicasts, 0 pauses
 Output (normal): 2792280226 packets, - bytes
         2754236003 unicasts, 28580188 broadcasts, 9464035 multicasts, 0 pauses
 Output: 0 output errors, - underruns, - buffer failures
         0 aborts, 0 deferred, 0 collisions, 0 late collisions
         0 lost carrier, - no carrier

 Bridge-Aggregation2 current state: UP
 IP Packet Frame Type: PKTFMT_ETHNT_2, Hardware Address: bcea-fab3-7193
 Description: LAG-to-Access-B3F1-Inspector // Vlan 67 VoIP
 2Gbps-speed mode, full-duplex mode
 Link speed type is autonegotiation, link duplex type is autonegotiation
 PVID: 1
 Port link-type: trunk
  VLAN passing  : 1(default vlan), 61, 67, 69, 100
  VLAN permitted: 1(default vlan), 61, 67, 69, 100
  Trunk port encapsulation: IEEE 802.1q
Last clearing of counters:  Never
 Last 300 seconds input:  208 packets/sec 197454 bytes/sec    0%
 Last 300 seconds output:  315 packets/sec 284194 bytes/sec    0%
 Input (total):  1206753192 packets, 493175887715 bytes
         1183595112 unicasts, 17857072 broadcasts, 5301008 multicasts
 Input (normal):  1206753192 packets, - bytes
         1183595112 unicasts, 17857072 broadcasts, 5301008 multicasts
 Input:  0 input errors, 0 runts, 0 giants, 0 throttles
         0 CRC, 0 frame, - overruns, 0 aborts
         - ignored, - parity errors
 Output (total): 608613016 packets, 466750161208 bytes
         531881429 unicasts, 39773810 broadcasts, 36957777 multicasts, 0 pauses
 Output (normal): 608613016 packets, - bytes
         531881429 unicasts, 39773810 broadcasts, 36957777 multicasts, 0 pauses
 Output: 0 output errors, - underruns, - buffer failures
         0 aborts, 0 deferred, 0 collisions, 0 late collisions
         0 lost carrier, - no carrier

 Bridge-Aggregation3 current state: UP
 IP Packet Frame Type: PKTFMT_ETHNT_2, Hardware Address: bcea-fab3-7192
 Description: LAG-to-Access-B3F1-Inspector // Vlan 67 VoIP
 2Gbps-speed mode, full-duplex mode
 Link speed type is autonegotiation, link duplex type is autonegotiation
 PVID: 1
 Port link-type: trunk
  VLAN passing  : 1(default vlan), 61, 67, 69, 100
  VLAN permitted: 1(default vlan), 61, 67, 69, 100
  Trunk port encapsulation: IEEE 802.1q
Last clearing of counters:  Never
 Last 300 seconds input:  90 packets/sec 12454 bytes/sec    0%
 Last 300 seconds output:  187 packets/sec 209756 bytes/sec    0%
 Input (total):  828039067 packets, 364611245463 bytes
         820714962 unicasts, 3848884 broadcasts, 3475221 multicasts
 Input (normal):  828039067 packets, - bytes
         820714962 unicasts, 3848884 broadcasts, 3475221 multicasts
 Input:  0 input errors, 0 runts, 0 giants, 0 throttles
         0 CRC, 0 frame, - overruns, 0 aborts
         - ignored, - parity errors
 Output (total): 494627393 packets, 383325215622 bytes
         418391116 unicasts, 37748549 broadcasts, 38487728 multicasts, 0 pauses
 Output (normal): 494627393 packets, - bytes
         418391116 unicasts, 37748549 broadcasts, 38487728 multicasts, 0 pauses
 Output: 0 output errors, - underruns, - buffer failures
         0 aborts, 0 deferred, 0 collisions, 0 late collisions
         0 lost carrier, - no carrier

<B3FL1-Old>
<B3FL1-Old>display arp
                Type: S-Static    D-Dynamic
IP Address       MAC Address     VLAN ID  Interface              Aging Type
172.17.61.254    104f-585c-487d  61       BAGG1                  20    D
172.17.67.254    104f-585c-487d  67       BAGG1                  7     D
172.17.69.254    104f-585c-487d  69       BAGG1                  20    D
172.17.67.249    d894-0390-6d44  67       BAGG2                  9     D
172.17.61.163    bc0f-f3c5-a6c4  61       BAGG2                  20    D
172.17.61.241    6400-6a1b-1617  61       BAGG2                  20    D
172.17.61.217    6400-6a1a-c938  61       BAGG2                  20    D
172.17.61.37     bc0f-f3c5-a783  61       BAGG2                  20    D
172.17.61.67     88ae-dda9-6bdc  61       BAGG2                  20    D
172.17.61.130    6400-6a22-8432  61       BAGG2                  20    D
172.17.61.104    b083-fea3-65a9  61       BAGG2                  14    D
172.17.61.167    88ae-dda9-64da  61       BAGG2                  13    D
172.17.67.248    40b9-3c40-21bb  67       BAGG3                  10    D
172.17.61.228    94dd-f824-a098  61       BAGG3                  3     D
172.17.61.22     88ae-dda8-4652  61       BAGG3                  4     D
172.17.61.128    88ae-dda8-86f7  61       BAGG3                  4     D
172.17.61.131    88ae-dda7-e4fe  61       BAGG3                  18    D
172.17.61.35     bc0f-f3c5-a530  61       BAGG3                  20    D
172.17.61.159    88ae-dda8-469e  61       BAGG3                  7     D
172.17.61.47     88ae-dda9-6b22  61       BAGG3                  20    D
172.17.61.34     6400-6a1a-c95e  61       BAGG3                  20    D
172.17.61.46     88ae-dda9-6bd1  61       BAGG3                  13    D
172.17.61.8      88ae-dda9-983c  61       BAGG3                  15    D
172.17.61.61     d8cb-8a55-9d7a  61       BAGG3                  19    D
172.17.61.191    0897-98f4-9402  61       BAGG3                  12    D
172.17.61.70     d0ad-0859-a40b  61       GE1/0/7                N/A   D
172.17.61.39     88ae-dda9-6fd6  61       GE1/0/9                N/A   D
172.17.61.152    3c2a-f45c-441c  61       GE1/0/15               N/A   D
172.17.61.153    1c7d-2262-513a  61       GE1/0/15               N/A   D
172.17.61.240    1c7d-2249-abca  61       GE2/0/4                17    D
172.17.61.10     d0f4-053a-d9b8  61       GE2/0/5                14    D
172.17.61.203    d0ad-0855-4687  61       GE2/0/6                20    D
172.17.61.234    b422-0004-4e51  61       GE2/0/8                3     D
172.17.61.122    b07b-2504-bd20  61       GE2/0/9                20    D
172.17.61.105    c025-a59e-2fab  61       GE2/0/10               13    D
172.17.61.116    d0f4-053a-d9de  61       GE2/0/11               19    D
172.17.61.99     b07b-2504-e6c1  61       GE2/0/15               19    D
172.17.61.94     c025-a59f-d0cf  61       GE2/0/16               9     D
172.17.61.81     c025-a59e-2fb1  61       GE2/0/18               17    D
<B3FL1-Old>
<B3FL1-Old>display lldp neighbor-information verbose 
                                             ^
 % Too many parameters found at '^' position.
<B3FL1-Old>
<B3FL1-Old>dis
<B3FL1-Old>display ll
<B3FL1-Old>display lldp ne
<B3FL1-Old>display lldp neighbor-information ?
  brief      Brief message 
  interface  Specify interface 
  list       Neighbor list
  |          Matching output
  <cr>       
<B3FL1-Old>display lldp neighbor-information 

LLDP neighbor-information of port 3[GigabitEthernet1/0/3]:
  Neighbor index   : 1
  Update time      : 319 days,20 hours,4 minutes,58 seconds
  Chassis type     : MAC address
  Chassis ID       : 2cfa-a28f-751a
  Port ID type     : Locally assigned
  Port ID          : 1001


LLDP neighbor-information of port 7[GigabitEthernet1/0/7]:
  Neighbor index   : 1
  Update time      : 321 days,11 hours,42 minutes,6 seconds
  Chassis type     : Locally assigned
  Chassis ID       : HELP-61-70
  Port ID type     : MAC address
  Port ID          : d0ad-0859-a40b

  Auto-negotiation supported : Yes
  Auto-negotiation enabled   : Yes
  OperMau                    : speed(0)/duplex(Unknown)

  Device class: Endpoint Class I


LLDP neighbor-information of port 9[GigabitEthernet1/0/9]:
  Neighbor index   : 1
  Update time      : 321 days,16 hours,39 minutes,43 seconds
  Chassis type     : Locally assigned
  Chassis ID       : HELP_61_39
  Port ID type     : MAC address
  Port ID          : 88ae-dda9-6fd6

  Auto-negotiation supported : Yes
  Auto-negotiation enabled   : Yes
  OperMau                    : speed(0)/duplex(Unknown)

  Device class: Endpoint Class I


LLDP neighbor-information of port 23[GigabitEthernet1/0/23]:
  Neighbor index   : 1
  Update time      : 319 days,20 hours,4 minutes,45 seconds
  Chassis type     : MAC address
  Chassis ID       : 40b9-3c40-21af
  Port ID type     : Interface name
  Port ID          : GigabitEthernet1/0/24
  Port description : LAG-To-B3-F1-Ipv6-6-G1/0/24
  System name        : B3-F1--Ipv6-7
  System description : HPE Comware Platform Software, Software Version 7.1.045, Release 1121P05
HPE 5510 24G 4SFP+ HI 1-slot Switch JH145A
Copyright (c) 2010-2017 Hewlett Packard Enterprise Development LP
  System capabilities supported : Bridge,Router
  System capabilities enabled   : Bridge,Router

  Management address type           : ipv4
  Management address                : 172.17.61.248
  Management address interface type : IfIndex
  Management address interface ID   : 951
  Management address OID            : 0

  Port VLAN ID(PVID): 1

  Auto-negotiation supported : Yes
  Auto-negotiation enabled   : Yes
  OperMau                    : speed(1000)/duplex(Full)

  Power port class          : PSE
  PSE power supported       : No
  PSE power enabled         : No
  PSE pairs control ability : No
  Power pairs               : Signal
  Port power classification : Class 0

  Maximum frame Size: 12288


LLDP neighbor-information of port 24[GigabitEthernet1/0/24]:
  Neighbor index   : 1
  Update time      : 319 days,20 hours,4 minutes,45 seconds
  Chassis type     : MAC address
  Chassis ID       : d894-0390-6d38
  Port ID type     : Interface name
  Port ID          : GigabitEthernet1/0/24
  Port description : LAG-To-B3-F1-Ipv6-6-G1/0/24
  System name        : B3-F1--Ipv6-6
  System description : HPE Comware Platform Software, Software Version 7.1.045, Release 1121
HPE 5510 24G 4SFP+ HI 1-slot Switch JH145A
Copyright (c) 2010-2016 Hewlett Packard Enterprise Development LP
  System capabilities supported : Bridge,Router
  System capabilities enabled   : Bridge,Router

  Management address type           : ipv4
  Management address                : 172.17.61.249
  Management address interface type : IfIndex
  Management address interface ID   : 952
  Management address OID            : 0

  Port VLAN ID(PVID): 1

  Auto-negotiation supported : Yes
  Auto-negotiation enabled   : Yes
  OperMau                    : speed(1000)/duplex(Full)

  Power port class          : PSE
  PSE power supported       : No
  PSE power enabled         : No
  PSE pairs control ability : No
  Power pairs               : Signal
  Port power classification : Class 0

  Maximum frame Size: 10000


LLDP neighbor-information of port 62[GigabitEthernet2/0/6]:
  Neighbor index   : 1
  Update time      : 321 days,11 hours,41 minutes,25 seconds
  Chassis type     : Locally assigned
  Chassis ID       : FAF-61-203
  Port ID type     : MAC address
  Port ID          : d0ad-0855-4687

  Auto-negotiation supported : Yes
  Auto-negotiation enabled   : Yes
  OperMau                    : speed(0)/duplex(Unknown)

  Device class: Endpoint Class I


LLDP neighbor-information of port 65[GigabitEthernet2/0/9]:
  Neighbor index   : 3
  Update time      : 321 days,11 hours,45 minutes,44 seconds
  Chassis type     : MAC address
  Chassis ID       : b07b-2504-bd20
  Port ID type     : MAC address
  Port ID          : b07b-2504-bd20

  Auto-negotiation supported : Yes
  Auto-negotiation enabled   : Yes
  OperMau                    : speed(0)/duplex(Unknown)

  Device class: Endpoint Class I


LLDP neighbor-information of port 66[GigabitEthernet2/0/10]:
  Neighbor index   : 2
  Update time      : 321 days,11 hours,38 minutes,12 seconds
  Chassis type     : MAC address
  Chassis ID       : c025-a59e-2fab
  Port ID type     : MAC address
  Port ID          : c025-a59e-2fab

  Auto-negotiation supported : Yes
  Auto-negotiation enabled   : Yes
  OperMau                    : speed(0)/duplex(Unknown)

  Device class: Endpoint Class I


LLDP neighbor-information of port 71[GigabitEthernet2/0/15]:
  Neighbor index   : 2
  Update time      : 321 days,12 hours,31 minutes,34 seconds
  Chassis type     : MAC address
  Chassis ID       : b07b-2504-e6c1
  Port ID type     : MAC address
  Port ID          : b07b-2504-e6c1

  Auto-negotiation supported : Yes
  Auto-negotiation enabled   : Yes
  OperMau                    : speed(0)/duplex(Unknown)

  Device class: Endpoint Class I


LLDP neighbor-information of port 72[GigabitEthernet2/0/16]:
  Neighbor index   : 2
  Update time      : 321 days,12 hours,22 minutes,5 seconds
  Chassis type     : MAC address
  Chassis ID       : c025-a59f-d0cf
  Port ID type     : MAC address
  Port ID          : c025-a59f-d0cf

  Auto-negotiation supported : Yes
  Auto-negotiation enabled   : Yes
  OperMau                    : speed(0)/duplex(Unknown)

  Device class: Endpoint Class I


LLDP neighbor-information of port 74[GigabitEthernet2/0/18]:
  Neighbor index   : 1
  Update time      : 321 days,12 hours,34 minutes,22 seconds
  Chassis type     : MAC address
  Chassis ID       : c025-a59e-2fb1
  Port ID type     : MAC address
  Port ID          : c025-a59e-2fb1

  Auto-negotiation supported : Yes
  Auto-negotiation enabled   : Yes
  OperMau                    : speed(0)/duplex(Unknown)

  Device class: Endpoint Class I


LLDP neighbor-information of port 79[GigabitEthernet2/0/23]:
  Neighbor index   : 1
  Update time      : 0 days,0 hours,1 minutes,43 seconds
  Chassis type     : MAC address
  Chassis ID       : 40b9-3c40-21af
  Port ID type     : Interface name
  Port ID          : GigabitEthernet1/0/23
  Port description : LAG-To-B3-F1-Ipv6-6-G1/0/23
  System name        : B3-F1--Ipv6-7
  System description : HPE Comware Platform Software, Software Version 7.1.045, Release 1121P05
HPE 5510 24G 4SFP+ HI 1-slot Switch JH145A
Copyright (c) 2010-2017 Hewlett Packard Enterprise Development LP
  System capabilities supported : Bridge,Router
  System capabilities enabled   : Bridge,Router

  Management address type           : ipv4
  Management address                : 172.17.61.248
  Management address interface type : IfIndex
  Management address interface ID   : 951
  Management address OID            : 0

  Port VLAN ID(PVID): 1

  Auto-negotiation supported : Yes
  Auto-negotiation enabled   : Yes
  OperMau                    : speed(1000)/duplex(Full)

  Power port class          : PSE
  PSE power supported       : No
  PSE power enabled         : No
  PSE pairs control ability : No
  Power pairs               : Signal
  Port power classification : Class 0

  Maximum frame Size: 12288


LLDP neighbor-information of port 80[GigabitEthernet2/0/24]:
  Neighbor index   : 1
  Update time      : 0 days,0 hours,1 minutes,43 seconds
  Chassis type     : MAC address
  Chassis ID       : d894-0390-6d38
  Port ID type     : Interface name
  Port ID          : GigabitEthernet1/0/23
  Port description : LAG-To-B3-F1-Ipv6-6-G1/0/23
  System name        : B3-F1--Ipv6-6
  System description : HPE Comware Platform Software, Software Version 7.1.045, Release 1121
HPE 5510 24G 4SFP+ HI 1-slot Switch JH145A
Copyright (c) 2010-2016 Hewlett Packard Enterprise Development LP
  System capabilities supported : Bridge,Router
  System capabilities enabled   : Bridge,Router

  Management address type           : ipv4
  Management address                : 172.17.61.249
  Management address interface type : IfIndex
  Management address interface ID   : 952
  Management address OID            : 0

  Port VLAN ID(PVID): 1

  Auto-negotiation supported : Yes
  Auto-negotiation enabled   : Yes
  OperMau                    : speed(1000)/duplex(Full)

  Power port class          : PSE
  PSE power supported       : No
  PSE power enabled         : No
  PSE pairs control ability : No
  Power pairs               : Signal
  Port power classification : Class 0

  Maximum frame Size: 10000


LLDP neighbor-information of port 29[Ten-GigabitEthernet1/1/1]:
  Neighbor index   : 1
  Update time      : 319 days,20 hours,4 minutes,39 seconds
  Chassis type     : MAC address
  Chassis ID       : 104f-585c-487d
  Port ID type     : Locally assigned
  Port ID          : 2
  Port description : 1/A2
  System name        : MOAC-Core-5412Rzl2
  System description : HP J9851A Switch 5412Rzl2, revision KB.16.10.0011, ROM KB.16.01.0009 (/ws/swbuildm/rel_ajanta_qaoff/code/build/bom(swbuildm_rel_ajanta_qaoff_rel_ajanta))
  System capabilities supported : Bridge,Router
  System capabilities enabled   : Bridge,Router

  Management address type           : ipv4
  Management address                : 192.168.30.1
  Management address interface type : IfIndex
  Management address interface ID   : Unknown
  Management address OID            : 0

  Port VLAN ID(PVID): 0

  Auto-negotiation supported : Yes
  Auto-negotiation enabled   : Yes
  OperMau                    : speed(10000)/duplex(Full)

  Power port class          : PSE
  PSE power supported       : No
  PSE power enabled         : No
  PSE pairs control ability : No
  Power pairs               : Signal
  Port power classification : Class 0

  Unknown organizationally-defined TLV
    TLV OUI         : 00-16-b9
    TLV subtype     : 2
    Index           : 1
    TLV information : 0001


LLDP neighbor-information of port 85[Ten-GigabitEthernet2/1/1]:
  Neighbor index   : 1
  Update time      : 277 days,21 hours,55 minutes,35 seconds
  Chassis type     : MAC address
  Chassis ID       : 104f-585c-487d
  Port ID type     : Locally assigned
  Port ID          : 386
  Port description : 2/A2
  System name        : MOAC-Core-5412Rzl2
  System description : HP J9851A Switch 5412Rzl2, revision KB.16.10.0011, ROM KB.16.01.0009 (/ws/swbuildm/rel_ajanta_qaoff/code/build/bom(swbuildm_rel_ajanta_qaoff_rel_ajanta))
  System capabilities supported : Bridge,Router
  System capabilities enabled   : Bridge,Router

  Management address type           : ipv4
  Management address                : 192.168.30.1
  Management address interface type : IfIndex
  Management address interface ID   : Unknown
  Management address OID            : 0

  Port VLAN ID(PVID): 0

  Auto-negotiation supported : Yes
  Auto-negotiation enabled   : Yes
  OperMau                    : speed(10000)/duplex(Full)

  Power port class          : PSE
  PSE power supported       : No
  PSE power enabled         : No
  PSE pairs control ability : No
  Power pairs               : Signal
  Port power classification : Class 0

  Unknown organizationally-defined TLV
    TLV OUI         : 00-16-b9
    TLV subtype     : 2
    Index           : 1
    TLV information : 0001

<B3FL1-Old>display mac-address 
MAC ADDR       VLAN ID  STATE          PORT INDEX               AGING TIME(s)
0008-9bd8-6cc3 1        Learned        Bridge-Aggregation1      AGING
000c-2961-2dba 1        Learned        Bridge-Aggregation1      AGING
0050-56a7-549b 1        Learned        Bridge-Aggregation1      AGING
0050-56a7-7b47 1        Learned        Bridge-Aggregation1      AGING
0050-56a7-ecce 1        Learned        Bridge-Aggregation1      AGING
0050-56aa-5389 1        Learned        Bridge-Aggregation1      AGING
0050-56aa-8969 1        Learned        Bridge-Aggregation1      AGING
0050-56aa-96f4 1        Learned        Bridge-Aggregation1      AGING
0050-56aa-b62d 1        Learned        Bridge-Aggregation1      AGING
0050-56aa-c94e 1        Learned        Bridge-Aggregation1      AGING
0050-56aa-df6c 1        Learned        Bridge-Aggregation1      AGING
0050-56b9-a1fb 1        Learned        Bridge-Aggregation1      AGING
0050-56b9-a80b 1        Learned        Bridge-Aggregation1      AGING
0050-56b9-dfc5 1        Learned        Bridge-Aggregation1      AGING
00c0-ff43-7a46 1        Learned        Bridge-Aggregation1      AGING
00c0-ff43-7bc8 1        Learned        Bridge-Aggregation1      AGING
00e0-d81c-49c7 1        Learned        Bridge-Aggregation1      AGING
104f-585c-487d 1        Learned        Bridge-Aggregation1      AGING
104f-585c-58fe 1        Learned        Bridge-Aggregation1      AGING
104f-585d-91fe 1        Learned        Bridge-Aggregation1      AGING
2892-4a36-c843 1        Learned        Bridge-Aggregation1      AGING
40b9-3c40-21ee 1        Learned        Bridge-Aggregation3      AGING
40b9-3c40-21ef 1        Learned        Bridge-Aggregation3      AGING
40f2-e9e6-214b 1        Learned        Bridge-Aggregation1      AGING
6c3b-e5a1-4e98 1        Learned        Bridge-Aggregation1      AGING
6c3b-e5bf-aa23 1        Learned        Bridge-Aggregation1      AGING
6c3b-e5bf-aaa2 1        Learned        Bridge-Aggregation1      AGING
8030-e034-b2aa 1        Learned        Bridge-Aggregation1      AGING
84b5-9c90-c401 1        Learned        Bridge-Aggregation1      AGING
9418-827f-ad02 1        Learned        Bridge-Aggregation1      AGING
9418-8283-2a18 1        Learned        Bridge-Aggregation1      AGING
a0b3-cce2-ec19 1        Learned        Bridge-Aggregation1      AGING
a0d3-c100-f2bd 1        Learned        Bridge-Aggregation1      AGING
a0d3-c101-d38c 1        Learned        Bridge-Aggregation1      AGING
ac16-2dbf-fcc2 1        Learned        Bridge-Aggregation1      AGING
b8af-67e1-1437 1        Learned        Bridge-Aggregation1      AGING
d067-26d5-907c 1        Learned        Bridge-Aggregation1      AGING
d894-0390-6d77 1        Learned        Bridge-Aggregation2      AGING
d894-0390-6d78 1        Learned        Bridge-Aggregation2      AGING
0897-98f4-9402 61       Learned        Bridge-Aggregation3      AGING
104f-585c-487d 61       Learned        Bridge-Aggregation1      AGING
1c7d-2262-513a 61       Learned        GigabitEthernet1/0/15    AGING
246a-0e91-1af1 61       Learned        GigabitEthernet1/0/15    AGING
246a-0e91-1af9 61       Learned        Bridge-Aggregation3      AGING
246a-0e91-2a05 61       Learned        Bridge-Aggregation3      AGING
3c2a-f45c-441c 61       Learned        GigabitEthernet1/0/15    AGING
40b9-3c40-21d5 61       Learned        Bridge-Aggregation3      AGING
6400-6a1a-c938 61       Learned        Bridge-Aggregation2      AGING
6400-6a1a-c95e 61       Learned        Bridge-Aggregation3      AGING
6400-6a1b-1617 61       Learned        Bridge-Aggregation2      AGING
6400-6a22-8432 61       Learned        Bridge-Aggregation2      AGING
88ae-dda7-e4fe 61       Learned        Bridge-Aggregation3      AGING
88ae-dda8-4652 61       Learned        Bridge-Aggregation3      AGING
88ae-dda8-469e 61       Learned        Bridge-Aggregation3      AGING
88ae-dda8-86f7 61       Learned        Bridge-Aggregation3      AGING
88ae-dda9-64da 61       Learned        Bridge-Aggregation2      AGING
88ae-dda9-6b22 61       Learned        Bridge-Aggregation3      AGING
88ae-dda9-6bd1 61       Learned        Bridge-Aggregation3      AGING
88ae-dda9-6bdc 61       Learned        Bridge-Aggregation2      AGING
88ae-dda9-6fd6 61       Learned        GigabitEthernet1/0/9     AGING
88ae-dda9-983c 61       Learned        Bridge-Aggregation3      AGING
94dd-f824-a098 61       Learned        Bridge-Aggregation3      AGING
b083-fea3-65a9 61       Learned        Bridge-Aggregation2      AGING
bc0f-f3c5-a530 61       Learned        Bridge-Aggregation3      AGING
bc0f-f3c5-a6c4 61       Learned        Bridge-Aggregation2      AGING
bc0f-f3c5-a724 61       Learned        Bridge-Aggregation2      AGING
bc0f-f3c5-a783 61       Learned        Bridge-Aggregation2      AGING
d0ad-0859-a40b 61       Learned        GigabitEthernet1/0/7     AGING
d894-0390-6d5e 61       Learned        Bridge-Aggregation2      AGING
d8cb-8a55-9d7a 61       Learned        Bridge-Aggregation3      AGING
000c-2920-9ff6 67       Learned        Bridge-Aggregation1      AGING
0080-9fff-9db4 67       Learned        GigabitEthernet1/0/3     AGING
0080-9fff-c830 67       Learned        GigabitEthernet1/0/3     AGING
08f1-eab1-b733 67       Learned        Bridge-Aggregation1      AGING
104f-585c-487d 67       Learned        Bridge-Aggregation1      AGING
1062-e510-695f 67       Learned        Bridge-Aggregation1      AGING
2cfa-a28f-751c 67       Learned        GigabitEthernet1/0/3     AGING
40b9-3c40-21bb 67       Learned        Bridge-Aggregation3      AGING
d894-0390-6d44 67       Learned        Bridge-Aggregation2      AGING
104f-585c-487d 69       Learned        Bridge-Aggregation1      AGING
04bf-6d26-b0a2 61       Learned        GigabitEthernet2/0/4     AGING
1c7d-2249-abca 61       Learned        GigabitEthernet2/0/4     AGING
b07b-2504-bd20 61       Learned        GigabitEthernet2/0/9     AGING
b07b-2504-e6c1 61       Learned        GigabitEthernet2/0/15    AGING
b422-0004-4e51 61       Learned        GigabitEthernet2/0/8     AGING
c025-a59e-2fab 61       Learned        GigabitEthernet2/0/10    AGING
c025-a59e-2fb1 61       Learned        GigabitEthernet2/0/18    AGING
c025-a59f-d0cf 61       Learned        GigabitEthernet2/0/16    AGING
d0ad-0855-4687 61       Learned        GigabitEthernet2/0/6     AGING
d0f4-053a-d9b8 61       Learned        GigabitEthernet2/0/5     AGING
d0f4-053a-d9de 61       Learned        GigabitEthernet2/0/11    AGING
f8b4-6adf-42eb 61       Learned        GigabitEthernet2/0/4     AGING

  ---  92 mac address(es) found  ---

<B3FL1-Old>
<B3FL1-Old>display current-configuration 
#
 version 5.20, Release 2208P01
#
 sysname B3FL1-Old
#
 clock timezone GMT+7 add 07:00:00
#
 undo copyright-info enable
#
 irf mac-address persistent timer
 irf auto-update enable
 undo irf link-delay
#
 domain default enable system
#
 ipv6
#
 telnet server enable
#
vlan 1
#
vlan 61
 description HELP-01
#
vlan 67
 description VoIP
#
vlan 69
 description PSND-Welfare
#
vlan 100
 description Cisco-AP
#
vlan 161
 description HELP-02
#
radius scheme system
 primary authentication 127.0.0.1 1645
 primary accounting 127.0.0.1 1646
 user-name-format without-domain
#
domain system
 access-limit disable
 state active
 idle-cut disable
 self-service-url disable
#
user-group system
#
local-user admin
 password simple isc@1234moac$.
 authorization-attribute level 3
 service-type ssh telnet terminal
local-user isc-support
 password cipher a^:)2"M)^2+Q=^Q`MAF4<1!!
 authorization-attribute level 3
 service-type ssh telnet terminal
#
 stp enable
stp region-configuration
 region-name b8af67a9730d
 active region-configuration
#
interface Bridge-Aggregation1
 description Link-to-CS#Trk2
 port link-type trunk
 port trunk permit vlan 1 61 67 69 100
 link-aggregation mode dynamic
 stp disable
#
interface Bridge-Aggregation2
 description LAG-to-Access-B3F1-Inspector // Vlan 67 VoIP
 port link-type trunk
 port trunk permit vlan 1 61 67 69 100
 link-aggregation mode dynamic
 stp disable
#
interface Bridge-Aggregation3
 description LAG-to-Access-B3F1-Inspector // Vlan 67 VoIP
 port link-type trunk
 port trunk permit vlan 1 61 67 69 100
 link-aggregation mode dynamic
 stp disable
#
interface NULL0
#
interface Vlan-interface61
 description HELP-01
 ipv6 address 2001:C38:9040:61::250/64
 ip address 172.17.61.250 255.255.255.0
#
interface Vlan-interface67
 description VoIP
 ipv6 address 2001:C38:9040:67::250/64
 ip address 172.17.67.250 255.255.255.0
#
interface Vlan-interface69
 description PSND-Welfare
 ipv6 address 2001:C38:9040:69::250/64
 ip address 172.17.69.250 255.255.255.0
#
interface Vlan-interface161
 ipv6 address 2001:C38:9040:161::250/64
 ip address 172.17.161.250 255.255.255.0
#
interface GigabitEthernet1/0/1
 port access vlan 61
 stp edged-port enable
#
interface GigabitEthernet1/0/2
 port access vlan 61
 stp edged-port enable
#
interface GigabitEthernet1/0/3
 description VoIP Vlan 67
 port access vlan 67
 stp edged-port enable
#
interface GigabitEthernet1/0/4
 port access vlan 61
 stp edged-port enable
#
interface GigabitEthernet1/0/5
 port access vlan 61
 stp edged-port enable
#
interface GigabitEthernet1/0/6
 port access vlan 61
 stp edged-port enable
#
interface GigabitEthernet1/0/7
 port access vlan 61
 stp edged-port enable
#
interface GigabitEthernet1/0/8
 port access vlan 61
 stp edged-port enable
#
interface GigabitEthernet1/0/9
 port access vlan 61
 stp edged-port enable
#
interface GigabitEthernet1/0/10
 port access vlan 61
 stp edged-port enable
#
interface GigabitEthernet1/0/11
 port access vlan 61
 stp edged-port enable
#
interface GigabitEthernet1/0/12
 port access vlan 61
 stp edged-port enable
#
interface GigabitEthernet1/0/13
 port access vlan 61
 stp edged-port enable
#
interface GigabitEthernet1/0/14
 port access vlan 61
 stp edged-port enable
#
interface GigabitEthernet1/0/15
 port access vlan 61
 stp edged-port enable
#
interface GigabitEthernet1/0/16
 port access vlan 61
 stp edged-port enable
#
interface GigabitEthernet1/0/17
 port access vlan 61
 stp edged-port enable
#
interface GigabitEthernet1/0/18
 port access vlan 61
 stp edged-port enable
#
interface GigabitEthernet1/0/19
 port access vlan 61
 stp edged-port enable
#
interface GigabitEthernet1/0/20
 port access vlan 61
 stp edged-port enable
#
interface GigabitEthernet1/0/21
 port access vlan 61
 stp edged-port enable
#
interface GigabitEthernet1/0/22
 port access vlan 100
 stp edged-port enable
#
interface GigabitEthernet1/0/23
 description LAG-to-Access-B3F1-Inspector-G1/0/23
 port link-type trunk
 port trunk permit vlan 1 61 67 69 100
 stp edged-port enable
 port link-aggregation group 3
#
interface GigabitEthernet1/0/24
 description LAG-to-Access-B3F1-Inspector-G1/0/24
 port link-type trunk
 port trunk permit vlan 1 61 67 69 100
 stp disable
 port link-aggregation group 2
#
interface GigabitEthernet1/0/25
 shutdown
#
interface GigabitEthernet1/0/26
 shutdown
#
interface GigabitEthernet1/0/27
 shutdown
#
interface GigabitEthernet1/0/28
 shutdown
#
interface GigabitEthernet2/0/1
 port access vlan 61
 stp edged-port enable
#
interface GigabitEthernet2/0/2
 description PSND-Welfare
 port access vlan 69
 stp edged-port enable
#
interface GigabitEthernet2/0/3
 port access vlan 61
 stp edged-port enable
#
interface GigabitEthernet2/0/4
 port access vlan 61
 stp edged-port enable
#
interface GigabitEthernet2/0/5
 port access vlan 61
 stp edged-port enable
#
interface GigabitEthernet2/0/6
 port access vlan 61
 stp edged-port enable
#
interface GigabitEthernet2/0/7
 port access vlan 61
 stp edged-port enable
#
interface GigabitEthernet2/0/8
 port access vlan 61
 stp edged-port enable
#
interface GigabitEthernet2/0/9
 port access vlan 61
 stp edged-port enable
#
interface GigabitEthernet2/0/10
 port access vlan 61
 stp edged-port enable
#
interface GigabitEthernet2/0/11
 port access vlan 61
 stp edged-port enable
#
interface GigabitEthernet2/0/12
 port access vlan 61
 stp edged-port enable
#
interface GigabitEthernet2/0/13
 port access vlan 61
 stp edged-port enable
#
interface GigabitEthernet2/0/14
 port access vlan 61
 stp edged-port enable
#
interface GigabitEthernet2/0/15
 port access vlan 61
 stp edged-port enable
#
interface GigabitEthernet2/0/16
 port access vlan 61
 stp edged-port enable
#
interface GigabitEthernet2/0/17
 port access vlan 61
 stp edged-port enable
#
interface GigabitEthernet2/0/18
 port access vlan 61
 stp edged-port enable
#
interface GigabitEthernet2/0/19
 port access vlan 61
 stp edged-port enable
#
interface GigabitEthernet2/0/20
 port access vlan 61
 stp edged-port enable
#
interface GigabitEthernet2/0/21
 port access vlan 61
 stp edged-port enable
#
interface GigabitEthernet2/0/22
 port access vlan 61
 stp edged-port enable
#
interface GigabitEthernet2/0/23
 description LAG-to-Access-B3F1-Inspector-G1/0/23
 port link-type trunk
 port trunk permit vlan 1 61 67 69 100
 stp disable
 port link-aggregation group 3
#
interface GigabitEthernet2/0/24
 description LAG-to-Access-B3F1-Inspector-G1/0/24
 port link-type trunk
 port trunk permit vlan 1 61 67 69 100
 stp disable
 port link-aggregation group 2
#
interface GigabitEthernet2/0/25
 shutdown
#
interface GigabitEthernet2/0/26
 shutdown
#
interface GigabitEthernet2/0/27
 shutdown
#
interface GigabitEthernet2/0/28
 shutdown
#
interface Ten-GigabitEthernet1/1/1
 description Link-to-CS1#P1/A2
 port link-type trunk
 port trunk permit vlan 1 61 67 69 100
 port link-aggregation group 1
#
interface Ten-GigabitEthernet1/1/2
#
interface Ten-GigabitEthernet1/2/1
#
interface Ten-GigabitEthernet2/1/1
 description Link-to-CS2#2/A2
 port link-type trunk
 port trunk permit vlan 1 61 67 69 100
 port link-aggregation group 1
#
interface Ten-GigabitEthernet2/1/2
#
interface Ten-GigabitEthernet1/2/2
#
interface Ten-GigabitEthernet2/2/1
#
interface Ten-GigabitEthernet2/2/2
 description IRF-Stacking
#
 ip route-static 0.0.0.0 0.0.0.0 172.17.61.254
 ip route-static 0.0.0.0 0.0.0.0 172.17.67.254
 ip route-static 0.0.0.0 0.0.0.0 172.17.69.254
 ip route-static 0.0.0.0 0.0.0.0 172.17.161.254
#
 ipv6 route-static :: 0 2001:C38:9040:61::254
 ipv6 route-static :: 0 2001:C38:9040:67::254
 ipv6 route-static :: 0 2001:C38:9040:69::254
 ipv6 route-static :: 0 2001:C38:9040:161::254
#
 info-center loghost 192.168.30.225
#
 snmp-agent
 snmp-agent local-engineid 800063A203B8AF67A97315
 snmp-agent community read moac$read
 snmp-agent community write moac$write
 snmp-agent sys-info version all
#
 header legal %

**********************************************************************************
*                                                                                *
*  WARNING! This network system is the property of Ministry of Agriculture and   *
*  Cooperativesand may be accessed only by authorized users. Unauthorized use    *
*  this system is strictly prohibited and may be subject to criminal prosecution.*
*                                                                                *
*  Any activity or communication on the system and retrive any information       *
*  are stored within the system. By accessing and using this system, you are     *
*  consenting to such monitoring and information retrieval for law enforcement   *
*  and other purposes.                                                           *
*                                                                                *
**********************************************************************************%
#
 ntp-service unicast-server 192.168.30.9
#
 ssh server enable
#
 load xml-configuration
#
user-interface aux 0
user-interface aux 1
 authentication-mode scheme
user-interface vty 0 4
 authentication-mode scheme
 screen-length 0
user-interface vty 5 15
 screen-length 0
#
irf-port 1/2
 port group interface Ten-GigabitEthernet1/2/2 mode normal
#
irf-port 2/1
 port group interface Ten-GigabitEthernet2/2/1 mode normal
#
irf-port 2/2
 port group interface Ten-GigabitEthernet2/2/2 mode normal
#
return
Stop recording 172.17.61.250 B3F1 (172.17.61.250) - 14:21:14
